2022-09-16T15:19:09+00:00 CRITICAL Uncaught ReflectionException: Method get_site_editor_type does not exist in C:\wamp64\www\dijakala\wp-content\plugins\elementor-pro\modules\theme-builder\documents\theme-document.php:48
Stack trace:
#0 C:\wamp64\www\dijakala\wp-content\plugins\elementor-pro\modules\theme-builder\documents\theme-document.php(48): ReflectionClass->getMethod('get_site_editor...')
#1 C:\wamp64\www\dijakala\wp-content\plugins\elementor-pro\modules\theme-builder\documents\theme-document.php(129): ElementorPro\Modules\ThemeBuilder\Documents\Theme_Document::get_site_editor_type_bc()
#2 C:\wamp64\www\dijakala\wp-content\plugins\elementor\core\common\modules\finder\categories\create.php(94): ElementorPro\Modules\ThemeBuilder\Documents\Theme_Document::get_create_url()
#3 C:\wamp64\www\dijakala\wp-content\plugins\elementor\core\common\modules\finder\categories\create.php(67): Elementor\Core\Common\Modules\Finder\Categories\Create->create_item_url_by_document_class('ElementorPro\\Mo...')
#4 C:\wamp64\www\dijakala\wp-content\plugins\elemen در C:\wamp64\www\dijakala\wp-content\plugins\elementor-pro\modules\theme-builder\documents\theme-document.php روی خط 48

2022-09-16T15:19:14+00:00 CRITICAL Uncaught ReflectionException: Method get_site_editor_type does not exist in C:\wamp64\www\dijakala\wp-content\plugins\elementor-pro\modules\theme-builder\documents\theme-document.php:48
Stack trace:
#0 C:\wamp64\www\dijakala\wp-content\plugins\elementor-pro\modules\theme-builder\documents\theme-document.php(48): ReflectionClass->getMethod('get_site_editor...')
#1 C:\wamp64\www\dijakala\wp-content\plugins\elementor-pro\modules\theme-builder\documents\theme-document.php(129): ElementorPro\Modules\ThemeBuilder\Documents\Theme_Document::get_site_editor_type_bc()
#2 C:\wamp64\www\dijakala\wp-content\plugins\elementor\core\common\modules\finder\categories\create.php(94): ElementorPro\Modules\ThemeBuilder\Documents\Theme_Document::get_create_url()
#3 C:\wamp64\www\dijakala\wp-content\plugins\elementor\core\common\modules\finder\categories\create.php(67): Elementor\Core\Common\Modules\Finder\Categories\Create->create_item_url_by_document_class('ElementorPro\\Mo...')
#4 C:\wamp64\www\dijakala\wp-content\plugins\elemen در C:\wamp64\www\dijakala\wp-content\plugins\elementor-pro\modules\theme-builder\documents\theme-document.php روی خط 48

2022-09-16T15:20:58+00:00 CRITICAL Uncaught ReflectionException: Method get_site_editor_type does not exist in C:\wamp64\www\dijakala\wp-content\plugins\elementor-pro\modules\theme-builder\documents\theme-document.php:48
Stack trace:
#0 C:\wamp64\www\dijakala\wp-content\plugins\elementor-pro\modules\theme-builder\documents\theme-document.php(48): ReflectionClass->getMethod('get_site_editor...')
#1 C:\wamp64\www\dijakala\wp-content\plugins\elementor-pro\modules\theme-builder\documents\theme-document.php(129): ElementorPro\Modules\ThemeBuilder\Documents\Theme_Document::get_site_editor_type_bc()
#2 C:\wamp64\www\dijakala\wp-content\plugins\elementor\core\common\modules\finder\categories\create.php(94): ElementorPro\Modules\ThemeBuilder\Documents\Theme_Document::get_create_url()
#3 C:\wamp64\www\dijakala\wp-content\plugins\elementor\core\common\modules\finder\categories\create.php(67): Elementor\Core\Common\Modules\Finder\Categories\Create->create_item_url_by_document_class('ElementorPro\\Mo...')
#4 C:\wamp64\www\dijakala\wp-content\plugins\elemen در C:\wamp64\www\dijakala\wp-content\plugins\elementor-pro\modules\theme-builder\documents\theme-document.php روی خط 48

2022-09-16T15:21:00+00:00 CRITICAL Uncaught ReflectionException: Method get_site_editor_type does not exist in C:\wamp64\www\dijakala\wp-content\plugins\elementor-pro\modules\theme-builder\documents\theme-document.php:48
Stack trace:
#0 C:\wamp64\www\dijakala\wp-content\plugins\elementor-pro\modules\theme-builder\documents\theme-document.php(48): ReflectionClass->getMethod('get_site_editor...')
#1 C:\wamp64\www\dijakala\wp-content\plugins\elementor-pro\modules\theme-builder\documents\theme-document.php(129): ElementorPro\Modules\ThemeBuilder\Documents\Theme_Document::get_site_editor_type_bc()
#2 C:\wamp64\www\dijakala\wp-content\plugins\elementor\core\common\modules\finder\categories\create.php(94): ElementorPro\Modules\ThemeBuilder\Documents\Theme_Document::get_create_url()
#3 C:\wamp64\www\dijakala\wp-content\plugins\elementor\core\common\modules\finder\categories\create.php(67): Elementor\Core\Common\Modules\Finder\Categories\Create->create_item_url_by_document_class('ElementorPro\\Mo...')
#4 C:\wamp64\www\dijakala\wp-content\plugins\elemen در C:\wamp64\www\dijakala\wp-content\plugins\elementor-pro\modules\theme-builder\documents\theme-document.php روی خط 48

2022-09-16T15:21:20+00:00 CRITICAL Uncaught ReflectionException: Method get_site_editor_type does not exist in C:\wamp64\www\dijakala\wp-content\plugins\elementor-pro\modules\theme-builder\documents\theme-document.php:48
Stack trace:
#0 C:\wamp64\www\dijakala\wp-content\plugins\elementor-pro\modules\theme-builder\documents\theme-document.php(48): ReflectionClass->getMethod('get_site_editor...')
#1 C:\wamp64\www\dijakala\wp-content\plugins\elementor-pro\modules\theme-builder\documents\theme-document.php(129): ElementorPro\Modules\ThemeBuilder\Documents\Theme_Document::get_site_editor_type_bc()
#2 C:\wamp64\www\dijakala\wp-content\plugins\elementor\core\common\modules\finder\categories\create.php(94): ElementorPro\Modules\ThemeBuilder\Documents\Theme_Document::get_create_url()
#3 C:\wamp64\www\dijakala\wp-content\plugins\elementor\core\common\modules\finder\categories\create.php(67): Elementor\Core\Common\Modules\Finder\Categories\Create->create_item_url_by_document_class('ElementorPro\\Mo...')
#4 C:\wamp64\www\dijakala\wp-content\plugins\elemen در C:\wamp64\www\dijakala\wp-content\plugins\elementor-pro\modules\theme-builder\documents\theme-document.php روی خط 48

2022-09-16T15:22:33+00:00 CRITICAL Uncaught ReflectionException: Method get_site_editor_type does not exist in C:\wamp64\www\dijakala\wp-content\plugins\elementor-pro\modules\theme-builder\documents\theme-document.php:48
Stack trace:
#0 C:\wamp64\www\dijakala\wp-content\plugins\elementor-pro\modules\theme-builder\documents\theme-document.php(48): ReflectionClass->getMethod('get_site_editor...')
#1 C:\wamp64\www\dijakala\wp-content\plugins\elementor-pro\modules\theme-builder\documents\theme-document.php(129): ElementorPro\Modules\ThemeBuilder\Documents\Theme_Document::get_site_editor_type_bc()
#2 C:\wamp64\www\dijakala\wp-content\plugins\elementor\core\common\modules\finder\categories\create.php(94): ElementorPro\Modules\ThemeBuilder\Documents\Theme_Document::get_create_url()
#3 C:\wamp64\www\dijakala\wp-content\plugins\elementor\core\common\modules\finder\categories\create.php(67): Elementor\Core\Common\Modules\Finder\Categories\Create->create_item_url_by_document_class('ElementorPro\\Mo...')
#4 C:\wamp64\www\dijakala\wp-content\plugins\elemen در C:\wamp64\www\dijakala\wp-content\plugins\elementor-pro\modules\theme-builder\documents\theme-document.php روی خط 48

2022-09-16T15:27:11+00:00 CRITICAL Uncaught ReflectionException: Method get_site_editor_type does not exist in C:\wamp64\www\dijakala\wp-content\plugins\elementor-pro\modules\theme-builder\documents\theme-document.php:48
Stack trace:
#0 C:\wamp64\www\dijakala\wp-content\plugins\elementor-pro\modules\theme-builder\documents\theme-document.php(48): ReflectionClass->getMethod('get_site_editor...')
#1 C:\wamp64\www\dijakala\wp-content\plugins\elementor-pro\modules\theme-builder\documents\theme-document.php(129): ElementorPro\Modules\ThemeBuilder\Documents\Theme_Document::get_site_editor_type_bc()
#2 C:\wamp64\www\dijakala\wp-content\plugins\elementor\core\common\modules\finder\categories\create.php(94): ElementorPro\Modules\ThemeBuilder\Documents\Theme_Document::get_create_url()
#3 C:\wamp64\www\dijakala\wp-content\plugins\elementor\core\common\modules\finder\categories\create.php(67): Elementor\Core\Common\Modules\Finder\Categories\Create->create_item_url_by_document_class('ElementorPro\\Mo...')
#4 C:\wamp64\www\dijakala\wp-content\plugins\elemen در C:\wamp64\www\dijakala\wp-content\plugins\elementor-pro\modules\theme-builder\documents\theme-document.php روی خط 48

2022-09-16T15:27:24+00:00 CRITICAL Uncaught ReflectionException: Method get_site_editor_type does not exist in C:\wamp64\www\dijakala\wp-content\plugins\elementor-pro\modules\theme-builder\documents\theme-document.php:48
Stack trace:
#0 C:\wamp64\www\dijakala\wp-content\plugins\elementor-pro\modules\theme-builder\documents\theme-document.php(48): ReflectionClass->getMethod('get_site_editor...')
#1 C:\wamp64\www\dijakala\wp-content\plugins\elementor-pro\modules\theme-builder\documents\theme-document.php(129): ElementorPro\Modules\ThemeBuilder\Documents\Theme_Document::get_site_editor_type_bc()
#2 C:\wamp64\www\dijakala\wp-content\plugins\elementor\core\common\modules\finder\categories\create.php(94): ElementorPro\Modules\ThemeBuilder\Documents\Theme_Document::get_create_url()
#3 C:\wamp64\www\dijakala\wp-content\plugins\elementor\core\common\modules\finder\categories\create.php(67): Elementor\Core\Common\Modules\Finder\Categories\Create->create_item_url_by_document_class('ElementorPro\\Mo...')
#4 C:\wamp64\www\dijakala\wp-content\plugins\elemen در C:\wamp64\www\dijakala\wp-content\plugins\elementor-pro\modules\theme-builder\documents\theme-document.php روی خط 48

