2022-09-19T16:09:08+00:00 CRITICAL require_once(): Failed opening required 'C:\wamp64\www\dijakala\wp-content\plugins\Ultimate_VC_Addons\classes\ultimate_helper.php' (include_path='.;C:\php\pear') در C:\wamp64\www\dijakala\wp-content\plugins\Ultimate_VC_Addons\Ultimate_VC_Addons.php روی خط 169

2022-09-19T18:06:50+00:00 CRITICAL Uncaught ReflectionException: Method get_site_editor_type does not exist in C:\wamp64\www\dijakala\wp-content\plugins\elementor-pro\modules\theme-builder\documents\theme-document.php:48
Stack trace:
#0 C:\wamp64\www\dijakala\wp-content\plugins\elementor-pro\modules\theme-builder\documents\theme-document.php(48): ReflectionClass->getMethod('get_site_editor...')
#1 C:\wamp64\www\dijakala\wp-content\plugins\elementor-pro\modules\theme-builder\documents\theme-document.php(129): ElementorPro\Modules\ThemeBuilder\Documents\Theme_Document::get_site_editor_type_bc()
#2 C:\wamp64\www\dijakala\wp-content\plugins\elementor\core\common\modules\finder\categories\create.php(94): ElementorPro\Modules\ThemeBuilder\Documents\Theme_Document::get_create_url()
#3 C:\wamp64\www\dijakala\wp-content\plugins\elementor\core\common\modules\finder\categories\create.php(67): Elementor\Core\Common\Modules\Finder\Categories\Create->create_item_url_by_document_class('ElementorPro\\Mo...')
#4 C:\wamp64\www\dijakala\wp-content\plugins\elemen در C:\wamp64\www\dijakala\wp-content\plugins\elementor-pro\modules\theme-builder\documents\theme-document.php روی خط 48

2022-09-19T18:06:56+00:00 CRITICAL Uncaught ReflectionException: Method get_site_editor_type does not exist in C:\wamp64\www\dijakala\wp-content\plugins\elementor-pro\modules\theme-builder\documents\theme-document.php:48
Stack trace:
#0 C:\wamp64\www\dijakala\wp-content\plugins\elementor-pro\modules\theme-builder\documents\theme-document.php(48): ReflectionClass->getMethod('get_site_editor...')
#1 C:\wamp64\www\dijakala\wp-content\plugins\elementor-pro\modules\theme-builder\documents\theme-document.php(129): ElementorPro\Modules\ThemeBuilder\Documents\Theme_Document::get_site_editor_type_bc()
#2 C:\wamp64\www\dijakala\wp-content\plugins\elementor\core\common\modules\finder\categories\create.php(94): ElementorPro\Modules\ThemeBuilder\Documents\Theme_Document::get_create_url()
#3 C:\wamp64\www\dijakala\wp-content\plugins\elementor\core\common\modules\finder\categories\create.php(67): Elementor\Core\Common\Modules\Finder\Categories\Create->create_item_url_by_document_class('ElementorPro\\Mo...')
#4 C:\wamp64\www\dijakala\wp-content\plugins\elemen در C:\wamp64\www\dijakala\wp-content\plugins\elementor-pro\modules\theme-builder\documents\theme-document.php روی خط 48

2022-09-19T18:07:16+00:00 CRITICAL Uncaught ReflectionException: Method get_site_editor_type does not exist in C:\wamp64\www\dijakala\wp-content\plugins\elementor-pro\modules\theme-builder\documents\theme-document.php:48
Stack trace:
#0 C:\wamp64\www\dijakala\wp-content\plugins\elementor-pro\modules\theme-builder\documents\theme-document.php(48): ReflectionClass->getMethod('get_site_editor...')
#1 C:\wamp64\www\dijakala\wp-content\plugins\elementor-pro\modules\theme-builder\documents\theme-document.php(129): ElementorPro\Modules\ThemeBuilder\Documents\Theme_Document::get_site_editor_type_bc()
#2 C:\wamp64\www\dijakala\wp-content\plugins\elementor\core\common\modules\finder\categories\create.php(94): ElementorPro\Modules\ThemeBuilder\Documents\Theme_Document::get_create_url()
#3 C:\wamp64\www\dijakala\wp-content\plugins\elementor\core\common\modules\finder\categories\create.php(67): Elementor\Core\Common\Modules\Finder\Categories\Create->create_item_url_by_document_class('ElementorPro\\Mo...')
#4 C:\wamp64\www\dijakala\wp-content\plugins\elemen در C:\wamp64\www\dijakala\wp-content\plugins\elementor-pro\modules\theme-builder\documents\theme-document.php روی خط 48

2022-09-19T18:08:38+00:00 CRITICAL Uncaught ReflectionException: Method get_site_editor_type does not exist in C:\wamp64\www\dijakala\wp-content\plugins\elementor-pro\modules\theme-builder\documents\theme-document.php:48
Stack trace:
#0 C:\wamp64\www\dijakala\wp-content\plugins\elementor-pro\modules\theme-builder\documents\theme-document.php(48): ReflectionClass->getMethod('get_site_editor...')
#1 C:\wamp64\www\dijakala\wp-content\plugins\elementor-pro\modules\theme-builder\documents\theme-document.php(129): ElementorPro\Modules\ThemeBuilder\Documents\Theme_Document::get_site_editor_type_bc()
#2 C:\wamp64\www\dijakala\wp-content\plugins\elementor\core\common\modules\finder\categories\create.php(94): ElementorPro\Modules\ThemeBuilder\Documents\Theme_Document::get_create_url()
#3 C:\wamp64\www\dijakala\wp-content\plugins\elementor\core\common\modules\finder\categories\create.php(67): Elementor\Core\Common\Modules\Finder\Categories\Create->create_item_url_by_document_class('ElementorPro\\Mo...')
#4 C:\wamp64\www\dijakala\wp-content\plugins\elemen در C:\wamp64\www\dijakala\wp-content\plugins\elementor-pro\modules\theme-builder\documents\theme-document.php روی خط 48

